[2011-05-31 09:31:12,125]-INFO  (hero.effect.service.EffectServiceImpl:69)|id:13
name:effect
version:1.0.0
author:Luke

[2011-05-31 09:34:50,671]-INFO  (hero.effect.service.EffectServiceImpl:69)|id:13
name:effect
version:1.0.0
author:Luke

[2011-05-31 11:14:20,125]-INFO  (hero.effect.service.EffectServiceImpl:69)|id:13
name:effect
version:1.0.0
author:Luke

[2011-05-31 12:36:59,734]-INFO  (hero.effect.service.EffectServiceImpl:69)|id:13
name:effect
version:1.0.0
author:Luke

[2011-05-31 13:42:00,625]-INFO  (hero.effect.service.EffectServiceImpl:69)|id:13
name:effect
version:1.0.0
author:Luke

[2011-05-31 13:50:30,453]-INFO  (hero.effect.service.EffectServiceImpl:388)|给目标[黑鼬]施加火焰箭
[2011-05-31 13:54:20,656]-INFO  (hero.effect.service.EffectServiceImpl:69)|id:13
name:effect
version:1.0.0
author:Luke

[2011-05-31 14:03:18,906]-INFO  (hero.effect.service.EffectServiceImpl:69)|id:13
name:effect
version:1.0.0
author:Luke

[2011-05-31 14:07:15,062]-INFO  (hero.effect.service.EffectServiceImpl:69)|id:13
name:effect
version:1.0.0
author:Luke

[2011-05-31 14:11:48,140]-INFO  (hero.effect.service.EffectServiceImpl:69)|id:13
name:effect
version:1.0.0
author:Luke

