[2011-05-31 13:48:40,062]-ERROR (hero.fight.clienthandler.PhysicsAttack:61)|玩家已经死亡:糖罐
[2011-05-31 14:15:50,062]-ERROR (hero.npc.Npc:273)|与NPC交互出错:
java.lang.NullPointerException
	at hero.item.service.GoodsDAO.addSingleGoods(GoodsDAO.java:1082)
	at hero.item.service.GoodsServiceImpl.addGoods2PackageByTask(GoodsServiceImpl.java:680)
	at hero.task.service.TaskServiceImpl.submitTask(TaskServiceImpl.java:2775)
	at hero.npc.function.system.TaskPassageway.process(TaskPassageway.java:389)
	at hero.npc.Npc.listen(Npc.java:257)
	at hero.npc.clienthandler.InteractiveRequest.read(InteractiveRequest.java:37)
	at me2.core.handler.ClientHandler.run(ClientHandler.java:53)
	at me2.service.basic.net.server.SocketIoHandler.messageReceived(SocketIoHandler.java:78)
	at org.apache.mina.core.filterchain.DefaultIoFilterChain$TailFilter.messageReceived(DefaultIoFilterChain.java:752)
	at org.apache.mina.core.filterchain.DefaultIoFilterChain.callNextMessageReceived(DefaultIoFilterChain.java:414)
	at org.apache.mina.core.filterchain.DefaultIoFilterChain.access$1200(DefaultIoFilterChain.java:49)
	at org.apache.mina.core.filterchain.DefaultIoFilterChain$EntryImpl$1.messageReceived(DefaultIoFilterChain.java:832)
	at org.apache.mina.filter.codec.ProtocolCodecFilter$ProtocolDecoderOutputImpl.flush(ProtocolCodecFilter.java:379)
	at org.apache.mina.filter.codec.ProtocolCodecFilter.messageReceived(ProtocolCodecFilter.java:173)
	at org.apache.mina.core.filterchain.DefaultIoFilterChain.callNextMessageReceived(DefaultIoFilterChain.java:414)
	at org.apache.mina.core.filterchain.DefaultIoFilterChain.access$1200(DefaultIoFilterChain.java:49)
	at org.apache.mina.core.filterchain.DefaultIoFilterChain$EntryImpl$1.messageReceived(DefaultIoFilterChain.java:832)
	at org.apache.mina.core.filterchain.DefaultIoFilterChain$HeadFilter.messageReceived(DefaultIoFilterChain.java:616)
	at org.apache.mina.core.filterchain.DefaultIoFilterChain.callNextMessageReceived(DefaultIoFilterChain.java:414)
	at org.apache.mina.core.filterchain.DefaultIoFilterChain.fireMessageReceived(DefaultIoFilterChain.java:408)
	at org.apache.mina.core.polling.AbstractPollingIoProcessor.read(AbstractPollingIoProcessor.java:498)
	at org.apache.mina.core.polling.AbstractPollingIoProcessor.process(AbstractPollingIoProcessor.java:460)
	at org.apache.mina.core.polling.AbstractPollingIoProcessor.process(AbstractPollingIoProcessor.java:452)
	at org.apache.mina.core.polling.AbstractPollingIoProcessor.access$400(AbstractPollingIoProcessor.java:55)
	at org.apache.mina.core.polling.AbstractPollingIoProcessor$Worker.run(AbstractPollingIoProcessor.java:775)
	at org.apache.mina.util.NamePreservingRunnable.run(NamePreservingRunnable.java:51)
	at java.util.concurrent.ThreadPoolExecutor$Worker.runTask(ThreadPoolExecutor.java:886)
	at java.util.concurrent.ThreadPoolExecutor$Worker.run(ThreadPoolExecutor.java:908)
	at java.lang.Thread.run(Thread.java:619)
