[2011-05-31 09:31:19,593]-INFO  (hero.fight.service.FightServiceImpl:69)|id:28
name:fightService
version:1.0.0
author:DingChu

[2011-05-31 09:34:53,593]-INFO  (hero.fight.service.FightServiceImpl:69)|id:28
name:fightService
version:1.0.0
author:DingChu

[2011-05-31 11:14:26,703]-INFO  (hero.fight.service.FightServiceImpl:69)|id:28
name:fightService
version:1.0.0
author:DingChu

[2011-05-31 12:37:02,500]-INFO  (hero.fight.service.FightServiceImpl:69)|id:28
name:fightService
version:1.0.0
author:DingChu

[2011-05-31 13:42:03,687]-INFO  (hero.fight.service.FightServiceImpl:69)|id:28
name:fightService
version:1.0.0
author:DingChu

[2011-05-31 13:47:52,375]-INFO  (hero.fight.clienthandler.PhysicsAttack:50)|普通攻击.....
[2011-05-31 13:47:57,093]-INFO  (hero.fight.clienthandler.PhysicsAttack:50)|普通攻击.....
[2011-05-31 13:47:59,062]-INFO  (hero.fight.clienthandler.PhysicsAttack:50)|普通攻击.....
[2011-05-31 13:48:01,593]-INFO  (hero.fight.clienthandler.PhysicsAttack:50)|普通攻击.....
[2011-05-31 13:48:04,046]-INFO  (hero.fight.clienthandler.PhysicsAttack:50)|普通攻击.....
[2011-05-31 13:48:06,578]-INFO  (hero.fight.clienthandler.PhysicsAttack:50)|普通攻击.....
[2011-05-31 13:48:09,109]-INFO  (hero.fight.clienthandler.PhysicsAttack:50)|普通攻击.....
[2011-05-31 13:48:22,968]-INFO  (hero.fight.clienthandler.PhysicsAttack:50)|普通攻击.....
[2011-05-31 13:48:24,937]-INFO  (hero.fight.clienthandler.PhysicsAttack:50)|普通攻击.....
[2011-05-31 13:48:27,468]-INFO  (hero.fight.clienthandler.PhysicsAttack:50)|普通攻击.....
[2011-05-31 13:48:30,000]-INFO  (hero.fight.clienthandler.PhysicsAttack:50)|普通攻击.....
[2011-05-31 13:48:32,531]-INFO  (hero.fight.clienthandler.PhysicsAttack:50)|普通攻击.....
[2011-05-31 13:48:35,062]-INFO  (hero.fight.clienthandler.PhysicsAttack:50)|普通攻击.....
[2011-05-31 13:48:37,515]-INFO  (hero.fight.clienthandler.PhysicsAttack:50)|普通攻击.....
[2011-05-31 13:48:40,046]-INFO  (hero.fight.clienthandler.PhysicsAttack:50)|普通攻击.....
[2011-05-31 13:48:40,062]-ERROR (hero.fight.clienthandler.PhysicsAttack:61)|玩家已经死亡:糖罐
[2011-05-31 13:48:55,156]-INFO  (hero.fight.clienthandler.PhysicsAttack:50)|普通攻击.....
[2011-05-31 13:48:57,125]-INFO  (hero.fight.clienthandler.PhysicsAttack:50)|普通攻击.....
[2011-05-31 13:48:59,656]-INFO  (hero.fight.clienthandler.PhysicsAttack:50)|普通攻击.....
[2011-05-31 13:49:02,125]-INFO  (hero.fight.clienthandler.PhysicsAttack:50)|普通攻击.....
[2011-05-31 13:49:04,656]-INFO  (hero.fight.clienthandler.PhysicsAttack:50)|普通攻击.....
[2011-05-31 13:49:10,562]-INFO  (hero.fight.clienthandler.PhysicsAttack:50)|普通攻击.....
[2011-05-31 13:49:12,531]-INFO  (hero.fight.clienthandler.PhysicsAttack:50)|普通攻击.....
[2011-05-31 13:49:15,062]-INFO  (hero.fight.clienthandler.PhysicsAttack:50)|普通攻击.....
[2011-05-31 13:49:17,593]-INFO  (hero.fight.clienthandler.PhysicsAttack:50)|普通攻击.....
[2011-05-31 13:49:24,484]-INFO  (hero.fight.clienthandler.PhysicsAttack:50)|普通攻击.....
[2011-05-31 13:49:26,453]-INFO  (hero.fight.clienthandler.PhysicsAttack:50)|普通攻击.....
[2011-05-31 13:49:34,546]-INFO  (hero.fight.clienthandler.PhysicsAttack:50)|普通攻击.....
[2011-05-31 13:49:36,515]-INFO  (hero.fight.clienthandler.PhysicsAttack:50)|普通攻击.....
[2011-05-31 13:49:39,046]-INFO  (hero.fight.clienthandler.PhysicsAttack:50)|普通攻击.....
[2011-05-31 13:49:41,500]-INFO  (hero.fight.clienthandler.PhysicsAttack:50)|普通攻击.....
[2011-05-31 13:50:32,843]-INFO  (hero.fight.clienthandler.PhysicsAttack:50)|普通攻击.....
[2011-05-31 13:54:23,578]-INFO  (hero.fight.service.FightServiceImpl:69)|id:28
name:fightService
version:1.0.0
author:DingChu

[2011-05-31 14:03:22,015]-INFO  (hero.fight.service.FightServiceImpl:69)|id:28
name:fightService
version:1.0.0
author:DingChu

[2011-05-31 14:07:18,000]-INFO  (hero.fight.service.FightServiceImpl:69)|id:28
name:fightService
version:1.0.0
author:DingChu

[2011-05-31 14:11:51,015]-INFO  (hero.fight.service.FightServiceImpl:69)|id:28
name:fightService
version:1.0.0
author:DingChu

[2011-05-31 14:13:57,562]-INFO  (hero.fight.clienthandler.PhysicsAttack:50)|普通攻击.....
[2011-05-31 14:13:58,828]-INFO  (hero.fight.clienthandler.PhysicsAttack:50)|普通攻击.....
[2011-05-31 14:13:58,828]-WARN  (hero.fight.clienthandler.PhysicsAttack:64)|玩家攻击间隔小于1.5秒:糖罐
[2011-05-31 14:14:00,796]-INFO  (hero.fight.clienthandler.PhysicsAttack:50)|普通攻击.....
