[2011-05-31 09:31:24,546]-INFO  (hero.gm.service.GmServiceImpl:102)|### GmServiceImpl start..
[2011-05-31 09:31:24,593]-INFO  (hero.gm.service.GmServiceImpl:69)|id:60
name:gm
version:1.0.0
author:DingChu

[2011-05-31 09:34:54,765]-INFO  (hero.gm.service.GmServiceImpl:102)|### GmServiceImpl start..
[2011-05-31 09:34:54,796]-INFO  (hero.gm.service.GmServiceImpl:69)|id:60
name:gm
version:1.0.0
author:DingChu

[2011-05-31 11:14:31,937]-INFO  (hero.gm.service.GmServiceImpl:102)|### GmServiceImpl start..
[2011-05-31 11:14:31,968]-INFO  (hero.gm.service.GmServiceImpl:69)|id:60
name:gm
version:1.0.0
author:DingChu

[2011-05-31 12:37:03,625]-INFO  (hero.gm.service.GmServiceImpl:102)|### GmServiceImpl start..
[2011-05-31 12:37:03,640]-INFO  (hero.gm.service.GmServiceImpl:69)|id:60
name:gm
version:1.0.0
author:DingChu

[2011-05-31 13:42:04,718]-INFO  (hero.gm.service.GmServiceImpl:102)|### GmServiceImpl start..
[2011-05-31 13:42:04,734]-INFO  (hero.gm.service.GmServiceImpl:69)|id:60
name:gm
version:1.0.0
author:DingChu

[2011-05-31 13:54:24,734]-INFO  (hero.gm.service.GmServiceImpl:102)|### GmServiceImpl start..
[2011-05-31 13:54:24,750]-INFO  (hero.gm.service.GmServiceImpl:69)|id:60
name:gm
version:1.0.0
author:DingChu

[2011-05-31 14:03:23,046]-INFO  (hero.gm.service.GmServiceImpl:102)|### GmServiceImpl start..
[2011-05-31 14:03:23,093]-INFO  (hero.gm.service.GmServiceImpl:69)|id:60
name:gm
version:1.0.0
author:DingChu

[2011-05-31 14:07:19,156]-INFO  (hero.gm.service.GmServiceImpl:102)|### GmServiceImpl start..
[2011-05-31 14:07:19,187]-INFO  (hero.gm.service.GmServiceImpl:69)|id:60
name:gm
version:1.0.0
author:DingChu

[2011-05-31 14:11:52,140]-INFO  (hero.gm.service.GmServiceImpl:102)|### GmServiceImpl start..
[2011-05-31 14:11:52,156]-INFO  (hero.gm.service.GmServiceImpl:69)|id:60
name:gm
version:1.0.0
author:DingChu

