[2011-05-31 09:31:06,625]-INFO  (hero.login.LoginServiceImpl:69)|id:65
name:登陆服务
version:1.0.0
author:DingChu

[2011-05-31 09:32:16,140]-INFO  (hero.login.LoginServiceImpl:144)|玩家登陆:20581
[2011-05-31 09:32:16,140]-INFO  (hero.login.LoginServiceImpl:145)|_accountID:129366
[2011-05-31 09:32:16,140]-INFO  (hero.login.LoginServiceImpl:151)|返回sessionid:-754843561
[2011-05-31 09:34:47,343]-INFO  (hero.login.LoginServiceImpl:69)|id:65
name:登陆服务
version:1.0.0
author:DingChu

[2011-05-31 11:14:15,218]-INFO  (hero.login.LoginServiceImpl:69)|id:65
name:登陆服务
version:1.0.0
author:DingChu

[2011-05-31 12:36:50,375]-INFO  (hero.login.LoginServiceImpl:69)|id:65
name:登陆服务
version:1.0.0
author:DingChu

[2011-05-31 12:36:56,640]-INFO  (hero.login.LoginServiceImpl:69)|id:65
name:登陆服务
version:1.0.0
author:DingChu

[2011-05-31 12:37:24,031]-INFO  (hero.login.LoginServiceImpl:144)|玩家登陆:20581
[2011-05-31 12:37:24,031]-INFO  (hero.login.LoginServiceImpl:145)|_accountID:129366
[2011-05-31 12:37:24,031]-INFO  (hero.login.LoginServiceImpl:151)|返回sessionid:-653590439
[2011-05-31 12:41:42,890]-INFO  (hero.login.LoginServiceImpl:144)|玩家登陆:20581
[2011-05-31 12:41:42,890]-INFO  (hero.login.LoginServiceImpl:145)|_accountID:129366
[2011-05-31 12:41:42,890]-INFO  (hero.login.LoginServiceImpl:151)|返回sessionid:-649248352
[2011-05-31 13:41:57,421]-INFO  (hero.login.LoginServiceImpl:69)|id:65
name:登陆服务
version:1.0.0
author:DingChu

[2011-05-31 13:42:30,046]-INFO  (hero.login.LoginServiceImpl:144)|玩家登陆:20581
[2011-05-31 13:42:30,046]-INFO  (hero.login.LoginServiceImpl:145)|_accountID:129366
[2011-05-31 13:42:30,046]-INFO  (hero.login.LoginServiceImpl:151)|返回sessionid:-615300592
[2011-05-31 13:54:17,593]-INFO  (hero.login.LoginServiceImpl:69)|id:65
name:登陆服务
version:1.0.0
author:DingChu

[2011-05-31 13:54:52,750]-INFO  (hero.login.LoginServiceImpl:144)|玩家登陆:20581
[2011-05-31 13:54:52,750]-INFO  (hero.login.LoginServiceImpl:145)|_accountID:129366
[2011-05-31 13:54:52,750]-INFO  (hero.login.LoginServiceImpl:151)|返回sessionid:-610925626
[2011-05-31 14:02:12,812]-INFO  (hero.login.LoginServiceImpl:69)|id:65
name:登陆服务
version:1.0.0
author:DingChu

[2011-05-31 14:02:37,546]-INFO  (hero.login.LoginServiceImpl:69)|id:65
name:登陆服务
version:1.0.0
author:DingChu

[2011-05-31 14:03:15,718]-INFO  (hero.login.LoginServiceImpl:69)|id:65
name:登陆服务
version:1.0.0
author:DingChu

[2011-05-31 14:03:29,796]-INFO  (hero.login.LoginServiceImpl:69)|id:65
name:登陆服务
version:1.0.0
author:DingChu

[2011-05-31 14:07:11,781]-INFO  (hero.login.LoginServiceImpl:69)|id:65
name:登陆服务
version:1.0.0
author:DingChu

[2011-05-31 14:07:38,218]-INFO  (hero.login.LoginServiceImpl:144)|玩家登陆:20581
[2011-05-31 14:07:38,218]-INFO  (hero.login.LoginServiceImpl:145)|_accountID:129366
[2011-05-31 14:07:38,218]-INFO  (hero.login.LoginServiceImpl:151)|返回sessionid:-602128197
[2011-05-31 14:11:44,843]-INFO  (hero.login.LoginServiceImpl:69)|id:65
name:登陆服务
version:1.0.0
author:DingChu

[2011-05-31 14:12:29,359]-INFO  (hero.login.LoginServiceImpl:144)|玩家登陆:20581
[2011-05-31 14:12:29,359]-INFO  (hero.login.LoginServiceImpl:145)|_accountID:129366
[2011-05-31 14:12:29,359]-INFO  (hero.login.LoginServiceImpl:151)|返回sessionid:-599580511
[2011-05-31 14:37:31,437]-INFO  (hero.login.LoginServiceImpl:144)|玩家登陆:20581
[2011-05-31 14:37:31,437]-INFO  (hero.login.LoginServiceImpl:145)|_accountID:129366
[2011-05-31 14:37:31,437]-INFO  (hero.login.LoginServiceImpl:151)|返回sessionid:-586456636
[2011-05-31 15:28:39,718]-INFO  (hero.login.LoginServiceImpl:69)|id:65
name:登陆服务
version:1.0.0
author:DingChu

