[2011-05-31 09:31:24,890]-INFO  (hero.pet.service.PetServiceImpl:69)|id:58
name:pet
version:1.0.0
author:DingChu

[2011-05-31 09:32:17,437]-INFO  (hero.pet.message.ResponseWearPetGridNumber:64)|output size = 6
[2011-05-31 09:34:54,859]-INFO  (hero.pet.service.PetServiceImpl:69)|id:58
name:pet
version:1.0.0
author:DingChu

[2011-05-31 11:14:32,218]-INFO  (hero.pet.service.PetServiceImpl:69)|id:58
name:pet
version:1.0.0
author:DingChu

[2011-05-31 12:37:03,703]-INFO  (hero.pet.service.PetServiceImpl:69)|id:58
name:pet
version:1.0.0
author:DingChu

[2011-05-31 12:37:25,359]-INFO  (hero.pet.message.ResponseWearPetGridNumber:64)|output size = 6
[2011-05-31 12:41:43,375]-INFO  (hero.pet.message.ResponseWearPetGridNumber:64)|output size = 6
[2011-05-31 13:42:04,828]-INFO  (hero.pet.service.PetServiceImpl:69)|id:58
name:pet
version:1.0.0
author:DingChu

[2011-05-31 13:42:30,656]-INFO  (hero.pet.message.ResponseWearPetGridNumber:64)|output size = 6
[2011-05-31 13:54:24,828]-INFO  (hero.pet.service.PetServiceImpl:69)|id:58
name:pet
version:1.0.0
author:DingChu

[2011-05-31 13:54:53,609]-INFO  (hero.pet.message.ResponseWearPetGridNumber:64)|output size = 6
[2011-05-31 14:03:23,171]-INFO  (hero.pet.service.PetServiceImpl:69)|id:58
name:pet
version:1.0.0
author:DingChu

[2011-05-31 14:07:19,250]-INFO  (hero.pet.service.PetServiceImpl:69)|id:58
name:pet
version:1.0.0
author:DingChu

[2011-05-31 14:07:39,750]-INFO  (hero.pet.message.ResponseWearPetGridNumber:64)|output size = 6
[2011-05-31 14:11:52,234]-INFO  (hero.pet.service.PetServiceImpl:69)|id:58
name:pet
version:1.0.0
author:DingChu

[2011-05-31 14:12:30,421]-INFO  (hero.pet.message.ResponseWearPetGridNumber:64)|output size = 6
[2011-05-31 14:13:11,593]-INFO  (hero.pet.message.ResponseWearPetGridNumber:64)|output size = 6
[2011-05-31 14:37:32,375]-INFO  (hero.pet.message.ResponseWearPetGridNumber:64)|output size = 6
