[2011-05-31 09:31:02,984]-INFO  (hero.player.service.PlayerServiceImpl:69)|id:4
name:playerService
version:1.0.0
author:JOJO
description:管理和维护玩家对象

[2011-05-31 09:32:15,218]-INFO  (hero.player.service.PlayerServiceImpl:1289)|触发listDefaultRole:hero.player.service.PlayerServiceImpl@c1fc67
[2011-05-31 09:32:16,453]-INFO  (hero.player.service.PlayerServiceImpl:250)|rtt =0,player.receivedRepeateTaskTimes=0
[2011-05-31 09:32:17,421]-INFO  (hero.player.message.ResponseRoleViewInfo:285)|output size = 105
[2011-05-31 09:32:17,453]-INFO  (hero.player.message.RefreshRoleProperty:150)|output size = 175player id = 20581
[2011-05-31 09:32:18,609]-INFO  (hero.player.clienthandler.InitRoleSecondly:66)|@@@@@@@@ InitRoleSecondly ..............
[2011-05-31 09:34:47,093]-INFO  (hero.player.service.PlayerServiceImpl:69)|id:4
name:playerService
version:1.0.0
author:JOJO
description:管理和维护玩家对象

[2011-05-31 11:14:14,453]-INFO  (hero.player.service.PlayerServiceImpl:69)|id:4
name:playerService
version:1.0.0
author:JOJO
description:管理和维护玩家对象

[2011-05-31 12:36:50,312]-INFO  (hero.player.service.PlayerServiceImpl:69)|id:4
name:playerService
version:1.0.0
author:JOJO
description:管理和维护玩家对象

[2011-05-31 12:36:56,546]-INFO  (hero.player.service.PlayerServiceImpl:69)|id:4
name:playerService
version:1.0.0
author:JOJO
description:管理和维护玩家对象

[2011-05-31 12:37:23,468]-INFO  (hero.player.service.PlayerServiceImpl:1289)|触发listDefaultRole:hero.player.service.PlayerServiceImpl@a6a5dc
[2011-05-31 12:37:24,203]-INFO  (hero.player.service.PlayerServiceImpl:250)|rtt =0,player.receivedRepeateTaskTimes=0
[2011-05-31 12:37:25,328]-INFO  (hero.player.message.ResponseRoleViewInfo:285)|output size = 105
[2011-05-31 12:37:25,390]-INFO  (hero.player.message.RefreshRoleProperty:150)|output size = 175player id = 20581
[2011-05-31 12:37:26,234]-INFO  (hero.player.clienthandler.InitRoleSecondly:66)|@@@@@@@@ InitRoleSecondly ..............
[2011-05-31 12:41:40,203]-INFO  (hero.player.service.PlayerServiceImpl:389)|糖罐; sessionID=-653590439  退出,或者被踢
[2011-05-31 12:41:42,031]-INFO  (hero.player.service.PlayerServiceImpl:1289)|触发listDefaultRole:hero.player.service.PlayerServiceImpl@a6a5dc
[2011-05-31 12:41:42,937]-INFO  (hero.player.service.PlayerServiceImpl:250)|rtt =0,player.receivedRepeateTaskTimes=0
[2011-05-31 12:41:43,375]-INFO  (hero.player.message.ResponseRoleViewInfo:285)|output size = 105
[2011-05-31 12:41:43,390]-INFO  (hero.player.message.RefreshRoleProperty:150)|output size = 175player id = 20581
[2011-05-31 12:41:44,265]-INFO  (hero.player.clienthandler.InitRoleSecondly:66)|@@@@@@@@ InitRoleSecondly ..............
[2011-05-31 13:41:57,343]-INFO  (hero.player.service.PlayerServiceImpl:69)|id:4
name:playerService
version:1.0.0
author:JOJO
description:管理和维护玩家对象

[2011-05-31 13:42:27,609]-INFO  (hero.player.service.PlayerServiceImpl:389)|糖罐; sessionID=-649248352  退出,或者被踢
[2011-05-31 13:42:29,203]-INFO  (hero.player.service.PlayerServiceImpl:1289)|触发listDefaultRole:hero.player.service.PlayerServiceImpl@a6a5dc
[2011-05-31 13:42:30,187]-INFO  (hero.player.service.PlayerServiceImpl:250)|rtt =0,player.receivedRepeateTaskTimes=0
[2011-05-31 13:42:30,656]-INFO  (hero.player.message.ResponseRoleViewInfo:285)|output size = 105
[2011-05-31 13:42:30,687]-INFO  (hero.player.message.RefreshRoleProperty:150)|output size = 175player id = 20581
[2011-05-31 13:42:31,500]-INFO  (hero.player.clienthandler.InitRoleSecondly:66)|@@@@@@@@ InitRoleSecondly ..............
[2011-05-31 13:48:43,546]-INFO  (hero.player.message.RefreshRoleProperty:150)|output size = 175player id = 20581
[2011-05-31 13:49:41,515]-INFO  (hero.player.HeroPlayer:820)|[糖罐]获得经验值:9
[2011-05-31 13:49:55,843]-INFO  (hero.player.clienthandler.Walk:104)|糖罐[移动50次花费]:444328
[2011-05-31 13:50:18,109]-INFO  (hero.player.HeroPlayer:820)|[糖罐]获得经验值:9
[2011-05-31 13:50:33,281]-INFO  (hero.player.HeroPlayer:820)|[糖罐]获得经验值:9
[2011-05-31 13:54:17,500]-INFO  (hero.player.service.PlayerServiceImpl:69)|id:4
name:playerService
version:1.0.0
author:JOJO
description:管理和维护玩家对象

[2011-05-31 13:54:46,218]-INFO  (hero.player.service.PlayerServiceImpl:389)|糖罐; sessionID=-615300592  退出,或者被踢
[2011-05-31 13:54:50,843]-INFO  (hero.player.service.PlayerServiceImpl:1289)|触发listDefaultRole:hero.player.service.PlayerServiceImpl@a6a5dc
[2011-05-31 13:54:52,859]-INFO  (hero.player.service.PlayerServiceImpl:250)|rtt =0,player.receivedRepeateTaskTimes=0
[2011-05-31 13:54:53,593]-INFO  (hero.player.message.ResponseRoleViewInfo:285)|output size = 105
[2011-05-31 13:54:53,625]-INFO  (hero.player.message.RefreshRoleProperty:150)|output size = 175player id = 20581
[2011-05-31 13:54:54,375]-INFO  (hero.player.clienthandler.InitRoleSecondly:66)|@@@@@@@@ InitRoleSecondly ..............
[2011-05-31 14:02:12,734]-INFO  (hero.player.service.PlayerServiceImpl:69)|id:4
name:playerService
version:1.0.0
author:JOJO
description:管理和维护玩家对象

[2011-05-31 14:02:37,484]-INFO  (hero.player.service.PlayerServiceImpl:69)|id:4
name:playerService
version:1.0.0
author:JOJO
description:管理和维护玩家对象

[2011-05-31 14:03:15,609]-INFO  (hero.player.service.PlayerServiceImpl:69)|id:4
name:playerService
version:1.0.0
author:JOJO
description:管理和维护玩家对象

[2011-05-31 14:03:29,640]-INFO  (hero.player.service.PlayerServiceImpl:69)|id:4
name:playerService
version:1.0.0
author:JOJO
description:管理和维护玩家对象

[2011-05-31 14:07:11,250]-INFO  (hero.player.service.PlayerServiceImpl:69)|id:4
name:playerService
version:1.0.0
author:JOJO
description:管理和维护玩家对象

[2011-05-31 14:07:36,453]-INFO  (hero.player.service.PlayerServiceImpl:1289)|触发listDefaultRole:hero.player.service.PlayerServiceImpl@15b2e18
[2011-05-31 14:07:38,421]-INFO  (hero.player.service.PlayerServiceImpl:250)|rtt =0,player.receivedRepeateTaskTimes=0
[2011-05-31 14:07:39,750]-INFO  (hero.player.message.ResponseRoleViewInfo:285)|output size = 105
[2011-05-31 14:07:39,765]-INFO  (hero.player.message.RefreshRoleProperty:150)|output size = 175player id = 20581
[2011-05-31 14:07:40,640]-INFO  (hero.player.clienthandler.InitRoleSecondly:66)|@@@@@@@@ InitRoleSecondly ..............
[2011-05-31 14:11:44,578]-INFO  (hero.player.service.PlayerServiceImpl:69)|id:4
name:playerService
version:1.0.0
author:JOJO
description:管理和维护玩家对象

[2011-05-31 14:12:27,515]-INFO  (hero.player.service.PlayerServiceImpl:1289)|触发listDefaultRole:hero.player.service.PlayerServiceImpl@181c4a1
[2011-05-31 14:12:29,484]-INFO  (hero.player.service.PlayerServiceImpl:250)|rtt =0,player.receivedRepeateTaskTimes=0
[2011-05-31 14:12:30,421]-INFO  (hero.player.message.ResponseRoleViewInfo:285)|output size = 105
[2011-05-31 14:12:30,421]-INFO  (hero.player.message.RefreshRoleProperty:150)|output size = 175player id = 20581
[2011-05-31 14:12:31,234]-INFO  (hero.player.clienthandler.InitRoleSecondly:66)|@@@@@@@@ InitRoleSecondly ..............
[2011-05-31 14:12:59,453]-INFO  (hero.player.HeroPlayer:820)|[糖罐]获得经验值:336
[2011-05-31 14:12:59,500]-INFO  (hero.player.message.RefreshRoleProperty:150)|output size = 175player id = 20581
[2011-05-31 14:13:21,968]-INFO  (hero.player.message.RefreshRoleProperty:150)|output size = 175player id = 20581
[2011-05-31 14:14:03,515]-INFO  (hero.player.HeroPlayer:820)|[糖罐]获得经验值:8
[2011-05-31 14:14:38,781]-INFO  (hero.player.HeroPlayer:820)|[糖罐]获得经验值:276
[2011-05-31 14:14:52,796]-INFO  (hero.player.HeroPlayer:820)|[糖罐]获得经验值:460
[2011-05-31 14:14:52,812]-INFO  (hero.player.message.RefreshRoleProperty:150)|output size = 174player id = 20581
[2011-05-31 14:15:02,171]-INFO  (hero.player.HeroPlayer:820)|[糖罐]获得经验值:352
[2011-05-31 14:15:39,625]-INFO  (hero.player.HeroPlayer:820)|[糖罐]获得经验值:748
[2011-05-31 14:15:39,656]-INFO  (hero.player.message.RefreshRoleProperty:150)|output size = 175player id = 20581
[2011-05-31 14:15:48,296]-INFO  (hero.player.clienthandler.Walk:104)|糖罐[移动50次花费]:197046
[2011-05-31 14:15:55,718]-INFO  (hero.player.HeroPlayer:820)|[糖罐]获得经验值:798
[2011-05-31 14:15:55,750]-INFO  (hero.player.message.RefreshRoleProperty:150)|output size = 175player id = 20581
[2011-05-31 14:16:07,968]-INFO  (hero.player.HeroPlayer:820)|[糖罐]获得经验值:800
[2011-05-31 14:22:44,531]-INFO  (hero.player.service.PlayerServiceImpl:389)|糖罐; sessionID=-599580511  退出,或者被踢
[2011-05-31 14:37:30,390]-INFO  (hero.player.service.PlayerServiceImpl:1289)|触发listDefaultRole:hero.player.service.PlayerServiceImpl@181c4a1
[2011-05-31 14:37:31,515]-INFO  (hero.player.service.PlayerServiceImpl:250)|rtt =0,player.receivedRepeateTaskTimes=0
[2011-05-31 14:37:32,359]-INFO  (hero.player.message.ResponseRoleViewInfo:285)|output size = 105
[2011-05-31 14:37:32,375]-INFO  (hero.player.message.RefreshRoleProperty:150)|output size = 175player id = 20581
[2011-05-31 14:37:33,171]-INFO  (hero.player.clienthandler.InitRoleSecondly:66)|@@@@@@@@ InitRoleSecondly ..............
[2011-05-31 15:28:39,453]-INFO  (hero.player.service.PlayerServiceImpl:69)|id:4
name:playerService
version:1.0.0
author:JOJO
description:管理和维护玩家对象

