[2011-05-31 09:31:23,781]-INFO  (hero.task.service.TaskServiceImpl:69)|id:15
name:task
version:1.0.0
author:DingChu

[2011-05-31 09:32:18,609]-INFO  (hero.task.message.NotifyMapNpcTaskMark:53)|npcTaskMarks.get(i++):3600
[2011-05-31 09:32:18,609]-INFO  (hero.task.message.NotifyMapNpcTaskMark:55)|npcTaskMarks.get(i++):1
[2011-05-31 09:32:18,609]-INFO  (hero.task.message.NotifyMapNpcTaskMark:53)|npcTaskMarks.get(i++):3601
[2011-05-31 09:32:18,609]-INFO  (hero.task.message.NotifyMapNpcTaskMark:55)|npcTaskMarks.get(i++):0
[2011-05-31 09:32:18,609]-INFO  (hero.task.message.NotifyMapNpcTaskMark:53)|npcTaskMarks.get(i++):3606
[2011-05-31 09:32:18,609]-INFO  (hero.task.message.NotifyMapNpcTaskMark:55)|npcTaskMarks.get(i++):0
[2011-05-31 09:32:18,609]-INFO  (hero.task.message.NotifyMapNpcTaskMark:53)|npcTaskMarks.get(i++):3607
[2011-05-31 09:32:18,625]-INFO  (hero.task.message.NotifyMapNpcTaskMark:55)|npcTaskMarks.get(i++):0
[2011-05-31 09:34:54,437]-INFO  (hero.task.service.TaskServiceImpl:69)|id:15
name:task
version:1.0.0
author:DingChu

[2011-05-31 11:14:31,109]-INFO  (hero.task.service.TaskServiceImpl:69)|id:15
name:task
version:1.0.0
author:DingChu

[2011-05-31 12:37:03,328]-INFO  (hero.task.service.TaskServiceImpl:69)|id:15
name:task
version:1.0.0
author:DingChu

[2011-05-31 12:37:26,234]-INFO  (hero.task.message.NotifyMapNpcTaskMark:53)|npcTaskMarks.get(i++):3600
[2011-05-31 12:37:26,250]-INFO  (hero.task.message.NotifyMapNpcTaskMark:55)|npcTaskMarks.get(i++):1
[2011-05-31 12:37:26,250]-INFO  (hero.task.message.NotifyMapNpcTaskMark:53)|npcTaskMarks.get(i++):3601
[2011-05-31 12:37:26,250]-INFO  (hero.task.message.NotifyMapNpcTaskMark:55)|npcTaskMarks.get(i++):0
[2011-05-31 12:37:26,250]-INFO  (hero.task.message.NotifyMapNpcTaskMark:53)|npcTaskMarks.get(i++):3606
[2011-05-31 12:37:26,250]-INFO  (hero.task.message.NotifyMapNpcTaskMark:55)|npcTaskMarks.get(i++):0
[2011-05-31 12:37:26,250]-INFO  (hero.task.message.NotifyMapNpcTaskMark:53)|npcTaskMarks.get(i++):3607
[2011-05-31 12:37:26,250]-INFO  (hero.task.message.NotifyMapNpcTaskMark:55)|npcTaskMarks.get(i++):0
[2011-05-31 12:41:44,265]-INFO  (hero.task.message.NotifyMapNpcTaskMark:53)|npcTaskMarks.get(i++):3600
[2011-05-31 12:41:44,265]-INFO  (hero.task.message.NotifyMapNpcTaskMark:55)|npcTaskMarks.get(i++):1
[2011-05-31 12:41:44,265]-INFO  (hero.task.message.NotifyMapNpcTaskMark:53)|npcTaskMarks.get(i++):3601
[2011-05-31 12:41:44,265]-INFO  (hero.task.message.NotifyMapNpcTaskMark:55)|npcTaskMarks.get(i++):0
[2011-05-31 12:41:44,281]-INFO  (hero.task.message.NotifyMapNpcTaskMark:53)|npcTaskMarks.get(i++):3606
[2011-05-31 12:41:44,281]-INFO  (hero.task.message.NotifyMapNpcTaskMark:55)|npcTaskMarks.get(i++):0
[2011-05-31 12:41:44,281]-INFO  (hero.task.message.NotifyMapNpcTaskMark:53)|npcTaskMarks.get(i++):3607
[2011-05-31 12:41:44,281]-INFO  (hero.task.message.NotifyMapNpcTaskMark:55)|npcTaskMarks.get(i++):0
[2011-05-31 13:42:04,421]-INFO  (hero.task.service.TaskServiceImpl:69)|id:15
name:task
version:1.0.0
author:DingChu

[2011-05-31 13:42:31,500]-INFO  (hero.task.message.NotifyMapNpcTaskMark:53)|npcTaskMarks.get(i++):3600
[2011-05-31 13:42:31,500]-INFO  (hero.task.message.NotifyMapNpcTaskMark:55)|npcTaskMarks.get(i++):1
[2011-05-31 13:42:31,500]-INFO  (hero.task.message.NotifyMapNpcTaskMark:53)|npcTaskMarks.get(i++):3601
[2011-05-31 13:42:31,500]-INFO  (hero.task.message.NotifyMapNpcTaskMark:55)|npcTaskMarks.get(i++):0
[2011-05-31 13:42:31,500]-INFO  (hero.task.message.NotifyMapNpcTaskMark:53)|npcTaskMarks.get(i++):3606
[2011-05-31 13:42:31,500]-INFO  (hero.task.message.NotifyMapNpcTaskMark:55)|npcTaskMarks.get(i++):0
[2011-05-31 13:42:31,500]-INFO  (hero.task.message.NotifyMapNpcTaskMark:53)|npcTaskMarks.get(i++):3607
[2011-05-31 13:42:31,500]-INFO  (hero.task.message.NotifyMapNpcTaskMark:55)|npcTaskMarks.get(i++):0
[2011-05-31 13:48:43,828]-INFO  (hero.task.message.NotifyMapNpcTaskMark:53)|npcTaskMarks.get(i++):3600
[2011-05-31 13:48:43,828]-INFO  (hero.task.message.NotifyMapNpcTaskMark:55)|npcTaskMarks.get(i++):1
[2011-05-31 13:48:43,828]-INFO  (hero.task.message.NotifyMapNpcTaskMark:53)|npcTaskMarks.get(i++):3601
[2011-05-31 13:48:43,828]-INFO  (hero.task.message.NotifyMapNpcTaskMark:55)|npcTaskMarks.get(i++):0
[2011-05-31 13:48:43,828]-INFO  (hero.task.message.NotifyMapNpcTaskMark:53)|npcTaskMarks.get(i++):3606
[2011-05-31 13:48:43,828]-INFO  (hero.task.message.NotifyMapNpcTaskMark:55)|npcTaskMarks.get(i++):0
[2011-05-31 13:48:43,828]-INFO  (hero.task.message.NotifyMapNpcTaskMark:53)|npcTaskMarks.get(i++):3607
[2011-05-31 13:48:43,828]-INFO  (hero.task.message.NotifyMapNpcTaskMark:55)|npcTaskMarks.get(i++):0
[2011-05-31 13:54:24,453]-INFO  (hero.task.service.TaskServiceImpl:69)|id:15
name:task
version:1.0.0
author:DingChu

[2011-05-31 13:54:54,375]-INFO  (hero.task.message.NotifyMapNpcTaskMark:53)|npcTaskMarks.get(i++):3600
[2011-05-31 13:54:54,375]-INFO  (hero.task.message.NotifyMapNpcTaskMark:55)|npcTaskMarks.get(i++):1
[2011-05-31 13:54:54,375]-INFO  (hero.task.message.NotifyMapNpcTaskMark:53)|npcTaskMarks.get(i++):3601
[2011-05-31 13:54:54,375]-INFO  (hero.task.message.NotifyMapNpcTaskMark:55)|npcTaskMarks.get(i++):0
[2011-05-31 13:54:54,375]-INFO  (hero.task.message.NotifyMapNpcTaskMark:53)|npcTaskMarks.get(i++):3606
[2011-05-31 13:54:54,390]-INFO  (hero.task.message.NotifyMapNpcTaskMark:55)|npcTaskMarks.get(i++):0
[2011-05-31 13:54:54,390]-INFO  (hero.task.message.NotifyMapNpcTaskMark:53)|npcTaskMarks.get(i++):3607
[2011-05-31 13:54:54,390]-INFO  (hero.task.message.NotifyMapNpcTaskMark:55)|npcTaskMarks.get(i++):0
[2011-05-31 14:03:22,734]-INFO  (hero.task.service.TaskServiceImpl:69)|id:15
name:task
version:1.0.0
author:DingChu

[2011-05-31 14:07:18,843]-INFO  (hero.task.service.TaskServiceImpl:69)|id:15
name:task
version:1.0.0
author:DingChu

[2011-05-31 14:07:40,640]-INFO  (hero.task.message.NotifyMapNpcTaskMark:53)|npcTaskMarks.get(i++):3600
[2011-05-31 14:07:40,640]-INFO  (hero.task.message.NotifyMapNpcTaskMark:55)|npcTaskMarks.get(i++):1
[2011-05-31 14:07:40,640]-INFO  (hero.task.message.NotifyMapNpcTaskMark:53)|npcTaskMarks.get(i++):3601
[2011-05-31 14:07:40,640]-INFO  (hero.task.message.NotifyMapNpcTaskMark:55)|npcTaskMarks.get(i++):0
[2011-05-31 14:07:40,640]-INFO  (hero.task.message.NotifyMapNpcTaskMark:53)|npcTaskMarks.get(i++):3606
[2011-05-31 14:07:40,640]-INFO  (hero.task.message.NotifyMapNpcTaskMark:55)|npcTaskMarks.get(i++):0
[2011-05-31 14:07:40,640]-INFO  (hero.task.message.NotifyMapNpcTaskMark:53)|npcTaskMarks.get(i++):3607
[2011-05-31 14:07:40,640]-INFO  (hero.task.message.NotifyMapNpcTaskMark:55)|npcTaskMarks.get(i++):0
[2011-05-31 14:11:51,843]-INFO  (hero.task.service.TaskServiceImpl:69)|id:15
name:task
version:1.0.0
author:DingChu

[2011-05-31 14:12:31,234]-INFO  (hero.task.message.NotifyMapNpcTaskMark:53)|npcTaskMarks.get(i++):3600
[2011-05-31 14:12:31,234]-INFO  (hero.task.message.NotifyMapNpcTaskMark:55)|npcTaskMarks.get(i++):1
[2011-05-31 14:12:31,234]-INFO  (hero.task.message.NotifyMapNpcTaskMark:53)|npcTaskMarks.get(i++):3601
[2011-05-31 14:12:31,234]-INFO  (hero.task.message.NotifyMapNpcTaskMark:55)|npcTaskMarks.get(i++):0
[2011-05-31 14:12:31,234]-INFO  (hero.task.message.NotifyMapNpcTaskMark:53)|npcTaskMarks.get(i++):3606
[2011-05-31 14:12:31,234]-INFO  (hero.task.message.NotifyMapNpcTaskMark:55)|npcTaskMarks.get(i++):0
[2011-05-31 14:12:31,234]-INFO  (hero.task.message.NotifyMapNpcTaskMark:53)|npcTaskMarks.get(i++):3607
[2011-05-31 14:12:31,234]-INFO  (hero.task.message.NotifyMapNpcTaskMark:55)|npcTaskMarks.get(i++):0
[2011-05-31 14:12:59,500]-INFO  (hero.task.message.NotifyMapNpcTaskMark:53)|npcTaskMarks.get(i++):3600
[2011-05-31 14:12:59,500]-INFO  (hero.task.message.NotifyMapNpcTaskMark:55)|npcTaskMarks.get(i++):1
[2011-05-31 14:12:59,500]-INFO  (hero.task.message.NotifyMapNpcTaskMark:53)|npcTaskMarks.get(i++):3601
[2011-05-31 14:12:59,500]-INFO  (hero.task.message.NotifyMapNpcTaskMark:55)|npcTaskMarks.get(i++):0
[2011-05-31 14:12:59,500]-INFO  (hero.task.message.NotifyMapNpcTaskMark:53)|npcTaskMarks.get(i++):3606
[2011-05-31 14:12:59,500]-INFO  (hero.task.message.NotifyMapNpcTaskMark:55)|npcTaskMarks.get(i++):0
[2011-05-31 14:12:59,500]-INFO  (hero.task.message.NotifyMapNpcTaskMark:53)|npcTaskMarks.get(i++):3607
[2011-05-31 14:12:59,500]-INFO  (hero.task.message.NotifyMapNpcTaskMark:55)|npcTaskMarks.get(i++):0
[2011-05-31 14:12:59,531]-INFO  (hero.task.message.NotifyMapNpcTaskMark:53)|npcTaskMarks.get(i++):3600
[2011-05-31 14:12:59,531]-INFO  (hero.task.message.NotifyMapNpcTaskMark:55)|npcTaskMarks.get(i++):1
[2011-05-31 14:12:59,531]-INFO  (hero.task.message.NotifyMapNpcTaskMark:53)|npcTaskMarks.get(i++):3601
[2011-05-31 14:12:59,531]-INFO  (hero.task.message.NotifyMapNpcTaskMark:55)|npcTaskMarks.get(i++):0
[2011-05-31 14:12:59,531]-INFO  (hero.task.message.NotifyMapNpcTaskMark:53)|npcTaskMarks.get(i++):3606
[2011-05-31 14:12:59,531]-INFO  (hero.task.message.NotifyMapNpcTaskMark:55)|npcTaskMarks.get(i++):0
[2011-05-31 14:12:59,531]-INFO  (hero.task.message.NotifyMapNpcTaskMark:53)|npcTaskMarks.get(i++):3607
[2011-05-31 14:12:59,531]-INFO  (hero.task.message.NotifyMapNpcTaskMark:55)|npcTaskMarks.get(i++):0
[2011-05-31 14:14:38,781]-INFO  (hero.task.message.NotifyMapNpcTaskMark:53)|npcTaskMarks.get(i++):3600
[2011-05-31 14:14:38,781]-INFO  (hero.task.message.NotifyMapNpcTaskMark:55)|npcTaskMarks.get(i++):0
[2011-05-31 14:14:38,781]-INFO  (hero.task.message.NotifyMapNpcTaskMark:53)|npcTaskMarks.get(i++):3601
[2011-05-31 14:14:38,781]-INFO  (hero.task.message.NotifyMapNpcTaskMark:55)|npcTaskMarks.get(i++):0
[2011-05-31 14:14:38,781]-INFO  (hero.task.message.NotifyMapNpcTaskMark:53)|npcTaskMarks.get(i++):3606
[2011-05-31 14:14:38,781]-INFO  (hero.task.message.NotifyMapNpcTaskMark:55)|npcTaskMarks.get(i++):1
[2011-05-31 14:14:38,781]-INFO  (hero.task.message.NotifyMapNpcTaskMark:53)|npcTaskMarks.get(i++):3607
[2011-05-31 14:14:38,781]-INFO  (hero.task.message.NotifyMapNpcTaskMark:55)|npcTaskMarks.get(i++):0
[2011-05-31 14:14:52,828]-INFO  (hero.task.message.NotifyMapNpcTaskMark:53)|npcTaskMarks.get(i++):3600
[2011-05-31 14:14:52,828]-INFO  (hero.task.message.NotifyMapNpcTaskMark:55)|npcTaskMarks.get(i++):0
[2011-05-31 14:14:52,828]-INFO  (hero.task.message.NotifyMapNpcTaskMark:53)|npcTaskMarks.get(i++):3601
[2011-05-31 14:14:52,828]-INFO  (hero.task.message.NotifyMapNpcTaskMark:55)|npcTaskMarks.get(i++):0
[2011-05-31 14:14:52,828]-INFO  (hero.task.message.NotifyMapNpcTaskMark:53)|npcTaskMarks.get(i++):3606
[2011-05-31 14:14:52,828]-INFO  (hero.task.message.NotifyMapNpcTaskMark:55)|npcTaskMarks.get(i++):1
[2011-05-31 14:14:52,828]-INFO  (hero.task.message.NotifyMapNpcTaskMark:53)|npcTaskMarks.get(i++):3607
[2011-05-31 14:14:52,828]-INFO  (hero.task.message.NotifyMapNpcTaskMark:55)|npcTaskMarks.get(i++):0
[2011-05-31 14:14:52,843]-INFO  (hero.task.message.NotifyMapNpcTaskMark:53)|npcTaskMarks.get(i++):3600
[2011-05-31 14:14:52,843]-INFO  (hero.task.message.NotifyMapNpcTaskMark:55)|npcTaskMarks.get(i++):0
[2011-05-31 14:14:52,843]-INFO  (hero.task.message.NotifyMapNpcTaskMark:53)|npcTaskMarks.get(i++):3601
[2011-05-31 14:14:52,843]-INFO  (hero.task.message.NotifyMapNpcTaskMark:55)|npcTaskMarks.get(i++):0
[2011-05-31 14:14:52,843]-INFO  (hero.task.message.NotifyMapNpcTaskMark:53)|npcTaskMarks.get(i++):3606
[2011-05-31 14:14:52,843]-INFO  (hero.task.message.NotifyMapNpcTaskMark:55)|npcTaskMarks.get(i++):1
[2011-05-31 14:14:52,843]-INFO  (hero.task.message.NotifyMapNpcTaskMark:53)|npcTaskMarks.get(i++):3607
[2011-05-31 14:14:52,843]-INFO  (hero.task.message.NotifyMapNpcTaskMark:55)|npcTaskMarks.get(i++):0
[2011-05-31 14:15:02,171]-INFO  (hero.task.message.NotifyMapNpcTaskMark:53)|npcTaskMarks.get(i++):3600
[2011-05-31 14:15:02,171]-INFO  (hero.task.message.NotifyMapNpcTaskMark:55)|npcTaskMarks.get(i++):0
[2011-05-31 14:15:02,171]-INFO  (hero.task.message.NotifyMapNpcTaskMark:53)|npcTaskMarks.get(i++):3601
[2011-05-31 14:15:02,171]-INFO  (hero.task.message.NotifyMapNpcTaskMark:55)|npcTaskMarks.get(i++):0
[2011-05-31 14:15:02,171]-INFO  (hero.task.message.NotifyMapNpcTaskMark:53)|npcTaskMarks.get(i++):3606
[2011-05-31 14:15:02,171]-INFO  (hero.task.message.NotifyMapNpcTaskMark:55)|npcTaskMarks.get(i++):1
[2011-05-31 14:15:02,171]-INFO  (hero.task.message.NotifyMapNpcTaskMark:53)|npcTaskMarks.get(i++):3607
[2011-05-31 14:15:02,171]-INFO  (hero.task.message.NotifyMapNpcTaskMark:55)|npcTaskMarks.get(i++):0
[2011-05-31 14:15:21,140]-INFO  (hero.task.message.NotifyMapNpcTaskMark:53)|npcTaskMarks.get(i++):3615
[2011-05-31 14:15:21,140]-INFO  (hero.task.message.NotifyMapNpcTaskMark:55)|npcTaskMarks.get(i++):1
[2011-05-31 14:15:21,140]-INFO  (hero.task.message.NotifyMapNpcTaskMark:53)|npcTaskMarks.get(i++):3616
[2011-05-31 14:15:21,140]-INFO  (hero.task.message.NotifyMapNpcTaskMark:55)|npcTaskMarks.get(i++):0
[2011-05-31 14:15:21,140]-INFO  (hero.task.message.NotifyMapNpcTaskMark:53)|npcTaskMarks.get(i++):3619
[2011-05-31 14:15:21,140]-INFO  (hero.task.message.NotifyMapNpcTaskMark:55)|npcTaskMarks.get(i++):0
[2011-05-31 14:15:21,140]-INFO  (hero.task.message.NotifyMapNpcTaskMark:53)|npcTaskMarks.get(i++):3621
[2011-05-31 14:15:21,140]-INFO  (hero.task.message.NotifyMapNpcTaskMark:55)|npcTaskMarks.get(i++):0
[2011-05-31 14:15:39,656]-INFO  (hero.task.message.NotifyMapNpcTaskMark:53)|npcTaskMarks.get(i++):3615
[2011-05-31 14:15:39,656]-INFO  (hero.task.message.NotifyMapNpcTaskMark:55)|npcTaskMarks.get(i++):1
[2011-05-31 14:15:39,656]-INFO  (hero.task.message.NotifyMapNpcTaskMark:53)|npcTaskMarks.get(i++):3616
[2011-05-31 14:15:39,656]-INFO  (hero.task.message.NotifyMapNpcTaskMark:55)|npcTaskMarks.get(i++):0
[2011-05-31 14:15:39,656]-INFO  (hero.task.message.NotifyMapNpcTaskMark:53)|npcTaskMarks.get(i++):3619
[2011-05-31 14:15:39,656]-INFO  (hero.task.message.NotifyMapNpcTaskMark:55)|npcTaskMarks.get(i++):0
[2011-05-31 14:15:39,656]-INFO  (hero.task.message.NotifyMapNpcTaskMark:53)|npcTaskMarks.get(i++):3621
[2011-05-31 14:15:39,656]-INFO  (hero.task.message.NotifyMapNpcTaskMark:55)|npcTaskMarks.get(i++):0
[2011-05-31 14:15:39,687]-INFO  (hero.task.message.NotifyMapNpcTaskMark:53)|npcTaskMarks.get(i++):3615
[2011-05-31 14:15:39,687]-INFO  (hero.task.message.NotifyMapNpcTaskMark:55)|npcTaskMarks.get(i++):1
[2011-05-31 14:15:39,687]-INFO  (hero.task.message.NotifyMapNpcTaskMark:53)|npcTaskMarks.get(i++):3616
[2011-05-31 14:15:39,687]-INFO  (hero.task.message.NotifyMapNpcTaskMark:55)|npcTaskMarks.get(i++):0
[2011-05-31 14:15:39,687]-INFO  (hero.task.message.NotifyMapNpcTaskMark:53)|npcTaskMarks.get(i++):3619
[2011-05-31 14:15:39,687]-INFO  (hero.task.message.NotifyMapNpcTaskMark:55)|npcTaskMarks.get(i++):0
[2011-05-31 14:15:39,687]-INFO  (hero.task.message.NotifyMapNpcTaskMark:53)|npcTaskMarks.get(i++):3621
[2011-05-31 14:15:39,687]-INFO  (hero.task.message.NotifyMapNpcTaskMark:55)|npcTaskMarks.get(i++):0
[2011-05-31 14:15:55,750]-INFO  (hero.task.message.NotifyMapNpcTaskMark:53)|npcTaskMarks.get(i++):3615
[2011-05-31 14:15:55,750]-INFO  (hero.task.message.NotifyMapNpcTaskMark:55)|npcTaskMarks.get(i++):0
[2011-05-31 14:15:55,750]-INFO  (hero.task.message.NotifyMapNpcTaskMark:53)|npcTaskMarks.get(i++):3616
[2011-05-31 14:15:55,750]-INFO  (hero.task.message.NotifyMapNpcTaskMark:55)|npcTaskMarks.get(i++):1
[2011-05-31 14:15:55,750]-INFO  (hero.task.message.NotifyMapNpcTaskMark:53)|npcTaskMarks.get(i++):3619
[2011-05-31 14:15:55,750]-INFO  (hero.task.message.NotifyMapNpcTaskMark:55)|npcTaskMarks.get(i++):0
[2011-05-31 14:15:55,750]-INFO  (hero.task.message.NotifyMapNpcTaskMark:53)|npcTaskMarks.get(i++):3621
[2011-05-31 14:15:55,750]-INFO  (hero.task.message.NotifyMapNpcTaskMark:55)|npcTaskMarks.get(i++):0
[2011-05-31 14:15:55,765]-INFO  (hero.task.message.NotifyMapNpcTaskMark:53)|npcTaskMarks.get(i++):3615
[2011-05-31 14:15:55,765]-INFO  (hero.task.message.NotifyMapNpcTaskMark:55)|npcTaskMarks.get(i++):0
[2011-05-31 14:15:55,765]-INFO  (hero.task.message.NotifyMapNpcTaskMark:53)|npcTaskMarks.get(i++):3616
[2011-05-31 14:15:55,765]-INFO  (hero.task.message.NotifyMapNpcTaskMark:55)|npcTaskMarks.get(i++):1
[2011-05-31 14:15:55,765]-INFO  (hero.task.message.NotifyMapNpcTaskMark:53)|npcTaskMarks.get(i++):3619
[2011-05-31 14:15:55,765]-INFO  (hero.task.message.NotifyMapNpcTaskMark:55)|npcTaskMarks.get(i++):0
[2011-05-31 14:15:55,765]-INFO  (hero.task.message.NotifyMapNpcTaskMark:53)|npcTaskMarks.get(i++):3621
[2011-05-31 14:15:55,765]-INFO  (hero.task.message.NotifyMapNpcTaskMark:55)|npcTaskMarks.get(i++):0
[2011-05-31 14:16:07,968]-INFO  (hero.task.message.NotifyMapNpcTaskMark:53)|npcTaskMarks.get(i++):3615
[2011-05-31 14:16:07,968]-INFO  (hero.task.message.NotifyMapNpcTaskMark:55)|npcTaskMarks.get(i++):0
[2011-05-31 14:16:07,968]-INFO  (hero.task.message.NotifyMapNpcTaskMark:53)|npcTaskMarks.get(i++):3616
[2011-05-31 14:16:07,968]-INFO  (hero.task.message.NotifyMapNpcTaskMark:55)|npcTaskMarks.get(i++):0
[2011-05-31 14:16:07,968]-INFO  (hero.task.message.NotifyMapNpcTaskMark:53)|npcTaskMarks.get(i++):3619
[2011-05-31 14:16:07,968]-INFO  (hero.task.message.NotifyMapNpcTaskMark:55)|npcTaskMarks.get(i++):1
[2011-05-31 14:16:07,968]-INFO  (hero.task.message.NotifyMapNpcTaskMark:53)|npcTaskMarks.get(i++):3621
[2011-05-31 14:16:07,968]-INFO  (hero.task.message.NotifyMapNpcTaskMark:55)|npcTaskMarks.get(i++):0
[2011-05-31 14:16:33,312]-INFO  (hero.task.message.NotifyMapNpcTaskMark:53)|npcTaskMarks.get(i++):3600
[2011-05-31 14:16:33,312]-INFO  (hero.task.message.NotifyMapNpcTaskMark:55)|npcTaskMarks.get(i++):0
[2011-05-31 14:16:33,312]-INFO  (hero.task.message.NotifyMapNpcTaskMark:53)|npcTaskMarks.get(i++):3601
[2011-05-31 14:16:33,312]-INFO  (hero.task.message.NotifyMapNpcTaskMark:55)|npcTaskMarks.get(i++):0
[2011-05-31 14:16:33,328]-INFO  (hero.task.message.NotifyMapNpcTaskMark:53)|npcTaskMarks.get(i++):3606
[2011-05-31 14:16:33,328]-INFO  (hero.task.message.NotifyMapNpcTaskMark:55)|npcTaskMarks.get(i++):0
[2011-05-31 14:16:33,328]-INFO  (hero.task.message.NotifyMapNpcTaskMark:53)|npcTaskMarks.get(i++):3607
[2011-05-31 14:16:33,328]-INFO  (hero.task.message.NotifyMapNpcTaskMark:55)|npcTaskMarks.get(i++):3
[2011-05-31 14:17:22,828]-INFO  (hero.task.message.NotifyMapNpcTaskMark:53)|npcTaskMarks.get(i++):3600
[2011-05-31 14:17:22,828]-INFO  (hero.task.message.NotifyMapNpcTaskMark:55)|npcTaskMarks.get(i++):0
[2011-05-31 14:17:22,828]-INFO  (hero.task.message.NotifyMapNpcTaskMark:53)|npcTaskMarks.get(i++):3601
[2011-05-31 14:17:22,828]-INFO  (hero.task.message.NotifyMapNpcTaskMark:55)|npcTaskMarks.get(i++):0
[2011-05-31 14:17:22,828]-INFO  (hero.task.message.NotifyMapNpcTaskMark:53)|npcTaskMarks.get(i++):3606
[2011-05-31 14:17:22,828]-INFO  (hero.task.message.NotifyMapNpcTaskMark:55)|npcTaskMarks.get(i++):0
[2011-05-31 14:17:22,828]-INFO  (hero.task.message.NotifyMapNpcTaskMark:53)|npcTaskMarks.get(i++):3607
[2011-05-31 14:17:22,828]-INFO  (hero.task.message.NotifyMapNpcTaskMark:55)|npcTaskMarks.get(i++):3
[2011-05-31 14:37:33,171]-INFO  (hero.task.message.NotifyMapNpcTaskMark:53)|npcTaskMarks.get(i++):3600
[2011-05-31 14:37:33,171]-INFO  (hero.task.message.NotifyMapNpcTaskMark:55)|npcTaskMarks.get(i++):0
[2011-05-31 14:37:33,171]-INFO  (hero.task.message.NotifyMapNpcTaskMark:53)|npcTaskMarks.get(i++):3601
[2011-05-31 14:37:33,171]-INFO  (hero.task.message.NotifyMapNpcTaskMark:55)|npcTaskMarks.get(i++):0
[2011-05-31 14:37:33,171]-INFO  (hero.task.message.NotifyMapNpcTaskMark:53)|npcTaskMarks.get(i++):3606
[2011-05-31 14:37:33,171]-INFO  (hero.task.message.NotifyMapNpcTaskMark:55)|npcTaskMarks.get(i++):0
[2011-05-31 14:37:33,171]-INFO  (hero.task.message.NotifyMapNpcTaskMark:53)|npcTaskMarks.get(i++):3607
[2011-05-31 14:37:33,171]-INFO  (hero.task.message.NotifyMapNpcTaskMark:55)|npcTaskMarks.get(i++):3
